/Library/Frameworks/Python.framework/Versions/3.6/bin/python3 /Users/manoj/work/machine_learning/ucsc_ex/histo_bayes.py
All Data

Sample Size:
F: 8900
M: 7800
Min height 52.0, Max height 83.0

Mean Heights:
F: 64.7257
M: 70.7681

Histo:
F: [3, 5, 12, 24, 44, 101, 163, 260, 404, 549, 693, 869, 1076, 1013, 951, 823, 695, 494, 299, 217, 110, 58, 20, 12, 5, 0, 0, 0, 0, 0, 0, 0]
M: [0, 0, 0, 0, 0, 0, 0, 0, 1, 10, 14, 53, 117, 241, 369, 500, 700, 787, 849, 882, 873, 779, 610, 432, 274, 155, 83, 38, 24, 5, 3, 1]

Std Deviation:
F: 3.4782
M: 3.3095

Histogram Result:
{55: 1.0, 60: 0.9975, 65: 0.8078, 68: 0.4982, 70: 0.2605, 75: 0.027, 80: 0.0}

Bayes Theorem:
{55: 0.9995, 60: 0.9885, 65: 0.8317, 68: 0.4972, 70: 0.261, 75: 0.0304, 80: 0.0034}



Partial Data

Sample Size:
28
22
Min height 55.0, Max height 80.0

Histo:
F: [1, 1, 0, 0, 1, 1, 0, 1, 0, 4, 2, 4, 3, 0, 3, 1, 1, 4, 0, 0, 1, 0, 0, 0, 0, 0, 0, 0, 0, 0, 0, 0]
M: [0, 0, 0, 0, 0, 0, 0, 0, 0, 0, 0, 0, 0, 0, 2, 1, 0, 2, 0, 3, 3, 2, 1, 0, 4, 1, 2, 0, 0, 0, 0, 1]

Mean Male Heights:
64.0714
71.8182

Mean Std Deviation:
3.88153661977
3.37956914463

Histogram Result:
{55: 1.0, 60: 'NaN', 65: 1.0, 68: 1.0, 70: 0.0, 75: 0.0, 80: 0.0}

Sample Size:
28
22

Bayes Theorem:
{55: 0.9999, 60: 0.9966, 65: 0.8918, 68: 0.5569, 70: 0.2852, 75: 0.0317, 80: 0.0046}

Process finished with exit code 0

